[2021-04-18 17:00:10,625] {taskinstance.py:851} INFO - Dependencies all met for <TaskInstance: fetch_kc_crime_data-v0.1.fetch_crime_window 2021-04-18T17:00:02.895656+00:00 [queued]>
[2021-04-18 17:00:10,661] {taskinstance.py:851} INFO - Dependencies all met for <TaskInstance: fetch_kc_crime_data-v0.1.fetch_crime_window 2021-04-18T17:00:02.895656+00:00 [queued]>
[2021-04-18 17:00:10,662] {taskinstance.py:1042} INFO - 
--------------------------------------------------------------------------------
[2021-04-18 17:00:10,663] {taskinstance.py:1043} INFO - Starting attempt 1 of 1
[2021-04-18 17:00:10,664] {taskinstance.py:1044} INFO - 
--------------------------------------------------------------------------------
[2021-04-18 17:00:10,677] {taskinstance.py:1063} INFO - Executing <Task(PythonOperator): fetch_crime_window> on 2021-04-18T17:00:02.895656+00:00
[2021-04-18 17:00:10,683] {standard_task_runner.py:52} INFO - Started process 953 to run task
[2021-04-18 17:00:10,688] {standard_task_runner.py:76} INFO - Running: ['airflow', 'tasks', 'run', 'fetch_kc_crime_data-v0.1', 'fetch_crime_window', '2021-04-18T17:00:02.895656+00:00', '--job-id', '12', '--pool', 'default_pool', '--raw', '--subdir', 'DAGS_FOLDER/fetch_kc_crime_data-v0.1.py', '--cfg-path', '/tmp/tmp66hjk1z7', '--error-file', '/tmp/tmppr0b1ivz']
[2021-04-18 17:00:10,693] {standard_task_runner.py:77} INFO - Job 12: Subtask fetch_crime_window
[2021-04-18 17:00:10,790] {logging_mixin.py:104} INFO - Running <TaskInstance: fetch_kc_crime_data-v0.1.fetch_crime_window 2021-04-18T17:00:02.895656+00:00 [running]> on host 9651c4896f9f
[2021-04-18 17:00:10,885] {taskinstance.py:1257} INFO - Exporting the following env vars:
AIRFLOW_CTX_DAG_OWNER=airflow
AIRFLOW_CTX_DAG_ID=fetch_kc_crime_data-v0.1
AIRFLOW_CTX_TASK_ID=fetch_crime_window
AIRFLOW_CTX_EXECUTION_DATE=2021-04-18T17:00:02.895656+00:00
AIRFLOW_CTX_DAG_RUN_ID=manual__2021-04-18T17:00:02.895656+00:00
[2021-04-18 17:00:10,903] {base.py:74} INFO - Using connection to: id: pg_kcmo_opendata. Host: postgres, Port: 5432, Schema: kcmo, Login: data_user, Password: XXXXXXXX, extra: None
[2021-04-18 17:00:10,919] {logging_mixin.py:104} INFO - 2021-01-01T00:00:00.000
[2021-04-18 17:00:10,955] {logging_mixin.py:104} INFO - 2021-04-18T17%:00:10.955
[2021-04-18 17:00:10,989] {python.py:118} INFO - Done. Returned value was: None
[2021-04-18 17:00:11,014] {taskinstance.py:1166} INFO - Marking task as SUCCESS. dag_id=fetch_kc_crime_data-v0.1, task_id=fetch_crime_window, execution_date=20210418T170002, start_date=20210418T170010, end_date=20210418T170011
[2021-04-18 17:00:11,080] {taskinstance.py:1220} INFO - 1 downstream tasks scheduled from follow-on schedule check
[2021-04-18 17:00:11,102] {local_task_job.py:146} INFO - Task exited with return code 0
