[2021-04-18 16:48:26,297] {taskinstance.py:851} INFO - Dependencies all met for <TaskInstance: fetch_kc_crime_data-v0.1.is_api_available 2021-04-18T16:47:32.702474+00:00 [queued]>
[2021-04-18 16:48:26,315] {taskinstance.py:851} INFO - Dependencies all met for <TaskInstance: fetch_kc_crime_data-v0.1.is_api_available 2021-04-18T16:47:32.702474+00:00 [queued]>
[2021-04-18 16:48:26,319] {taskinstance.py:1042} INFO - 
--------------------------------------------------------------------------------
[2021-04-18 16:48:26,320] {taskinstance.py:1043} INFO - Starting attempt 2 of 2
[2021-04-18 16:48:26,321] {taskinstance.py:1044} INFO - 
--------------------------------------------------------------------------------
[2021-04-18 16:48:26,355] {taskinstance.py:1063} INFO - Executing <Task(HttpSensor): is_api_available> on 2021-04-18T16:47:32.702474+00:00
[2021-04-18 16:48:26,361] {standard_task_runner.py:52} INFO - Started process 260 to run task
[2021-04-18 16:48:26,369] {standard_task_runner.py:76} INFO - Running: ['airflow', 'tasks', 'run', 'fetch_kc_crime_data-v0.1', 'is_api_available', '2021-04-18T16:47:32.702474+00:00', '--job-id', '4', '--pool', 'default_pool', '--raw', '--subdir', 'DAGS_FOLDER/fetch_kc_crime_data-v0.1.py', '--cfg-path', '/tmp/tmpnxu9vg36', '--error-file', '/tmp/tmpxed2m1p_']
[2021-04-18 16:48:26,374] {standard_task_runner.py:77} INFO - Job 4: Subtask is_api_available
[2021-04-18 16:48:26,482] {logging_mixin.py:104} INFO - Running <TaskInstance: fetch_kc_crime_data-v0.1.is_api_available 2021-04-18T16:47:32.702474+00:00 [running]> on host 9651c4896f9f
[2021-04-18 16:48:26,582] {taskinstance.py:1257} INFO - Exporting the following env vars:
AIRFLOW_CTX_DAG_OWNER=airflow
AIRFLOW_CTX_DAG_ID=fetch_kc_crime_data-v0.1
AIRFLOW_CTX_TASK_ID=is_api_available
AIRFLOW_CTX_EXECUTION_DATE=2021-04-18T16:47:32.702474+00:00
AIRFLOW_CTX_DAG_RUN_ID=manual__2021-04-18T16:47:32.702474+00:00
[2021-04-18 16:48:26,583] {http.py:102} INFO - Poking: resource/w795-ffu6.json
[2021-04-18 16:48:26,603] {base.py:74} INFO - Using connection to: id: http_data_kcmo_org. Host: https://data.kcmo.org/, Port: None, Schema: , Login: , Password: None, extra: None
[2021-04-18 16:48:26,607] {http.py:140} INFO - Sending 'GET' to url: https://data.kcmo.org/resource/w795-ffu6.json
[2021-04-18 16:48:27,440] {base.py:245} INFO - Success criteria met. Exiting.
[2021-04-18 16:48:27,478] {taskinstance.py:1166} INFO - Marking task as SUCCESS. dag_id=fetch_kc_crime_data-v0.1, task_id=is_api_available, execution_date=20210418T164732, start_date=20210418T164826, end_date=20210418T164827
[2021-04-18 16:48:27,595] {local_task_job.py:146} INFO - Task exited with return code 1
