[2021-04-18 16:39:57,660] {taskinstance.py:851} INFO - Dependencies all met for <TaskInstance: fetch_kc_crime_data-v0.1.is_api_available 2021-04-18T16:39:55.182189+00:00 [queued]>
[2021-04-18 16:39:57,694] {taskinstance.py:851} INFO - Dependencies all met for <TaskInstance: fetch_kc_crime_data-v0.1.is_api_available 2021-04-18T16:39:55.182189+00:00 [queued]>
[2021-04-18 16:39:57,695] {taskinstance.py:1042} INFO - 
--------------------------------------------------------------------------------
[2021-04-18 16:39:57,696] {taskinstance.py:1043} INFO - Starting attempt 1 of 1
[2021-04-18 16:39:57,697] {taskinstance.py:1044} INFO - 
--------------------------------------------------------------------------------
[2021-04-18 16:39:57,723] {taskinstance.py:1063} INFO - Executing <Task(HttpSensor): is_api_available> on 2021-04-18T16:39:55.182189+00:00
[2021-04-18 16:39:57,729] {standard_task_runner.py:52} INFO - Started process 1384 to run task
[2021-04-18 16:39:57,735] {standard_task_runner.py:76} INFO - Running: ['airflow', 'tasks', 'run', 'fetch_kc_crime_data-v0.1', 'is_api_available', '2021-04-18T16:39:55.182189+00:00', '--job-id', '5', '--pool', 'default_pool', '--raw', '--subdir', 'DAGS_FOLDER/fetch_kc_crime_data-v0.1.py', '--cfg-path', '/tmp/tmpu8h_w74w', '--error-file', '/tmp/tmp6kpedg7u']
[2021-04-18 16:39:57,741] {standard_task_runner.py:77} INFO - Job 5: Subtask is_api_available
[2021-04-18 16:39:57,838] {logging_mixin.py:104} INFO - Running <TaskInstance: fetch_kc_crime_data-v0.1.is_api_available 2021-04-18T16:39:55.182189+00:00 [running]> on host 441e26371bd5
[2021-04-18 16:39:57,945] {taskinstance.py:1257} INFO - Exporting the following env vars:
AIRFLOW_CTX_DAG_OWNER=airflow
AIRFLOW_CTX_DAG_ID=fetch_kc_crime_data-v0.1
AIRFLOW_CTX_TASK_ID=is_api_available
AIRFLOW_CTX_EXECUTION_DATE=2021-04-18T16:39:55.182189+00:00
AIRFLOW_CTX_DAG_RUN_ID=manual__2021-04-18T16:39:55.182189+00:00
[2021-04-18 16:39:57,947] {http.py:102} INFO - Poking: resource/w795-ffu6.json
[2021-04-18 16:39:57,980] {base.py:74} INFO - Using connection to: id: http_data_kcmo_org. Host: https://data.kcmo.org/, Port: None, Schema: , Login: , Password: None, extra: None
[2021-04-18 16:39:57,986] {http.py:140} INFO - Sending 'GET' to url: https://data.kcmo.org/resource/w795-ffu6.json
[2021-04-18 16:39:58,684] {base.py:245} INFO - Success criteria met. Exiting.
[2021-04-18 16:39:58,727] {taskinstance.py:1166} INFO - Marking task as SUCCESS. dag_id=fetch_kc_crime_data-v0.1, task_id=is_api_available, execution_date=20210418T163955, start_date=20210418T163957, end_date=20210418T163958
[2021-04-18 16:39:58,802] {local_task_job.py:146} INFO - Task exited with return code 1
