[2021-04-18 16:51:50,120] {taskinstance.py:851} INFO - Dependencies all met for <TaskInstance: fetch_kc_crime_data-v0.1.fetch_crime_window 2021-04-18T16:47:32.702474+00:00 [queued]>
[2021-04-18 16:51:50,150] {taskinstance.py:851} INFO - Dependencies all met for <TaskInstance: fetch_kc_crime_data-v0.1.fetch_crime_window 2021-04-18T16:47:32.702474+00:00 [queued]>
[2021-04-18 16:51:50,151] {taskinstance.py:1042} INFO - 
--------------------------------------------------------------------------------
[2021-04-18 16:51:50,151] {taskinstance.py:1043} INFO - Starting attempt 3 of 3
[2021-04-18 16:51:50,152] {taskinstance.py:1044} INFO - 
--------------------------------------------------------------------------------
[2021-04-18 16:51:50,170] {taskinstance.py:1063} INFO - Executing <Task(PythonOperator): fetch_crime_window> on 2021-04-18T16:47:32.702474+00:00
[2021-04-18 16:51:50,175] {standard_task_runner.py:52} INFO - Started process 473 to run task
[2021-04-18 16:51:50,180] {standard_task_runner.py:76} INFO - Running: ['airflow', 'tasks', 'run', 'fetch_kc_crime_data-v0.1', 'fetch_crime_window', '2021-04-18T16:47:32.702474+00:00', '--job-id', '7', '--pool', 'default_pool', '--raw', '--subdir', 'DAGS_FOLDER/fetch_kc_crime_data-v0.1.py', '--cfg-path', '/tmp/tmppoz5gt0t', '--error-file', '/tmp/tmpzqhwib7y']
[2021-04-18 16:51:50,185] {standard_task_runner.py:77} INFO - Job 7: Subtask fetch_crime_window
[2021-04-18 16:51:50,288] {logging_mixin.py:104} INFO - Running <TaskInstance: fetch_kc_crime_data-v0.1.fetch_crime_window 2021-04-18T16:47:32.702474+00:00 [running]> on host 9651c4896f9f
[2021-04-18 16:51:50,382] {taskinstance.py:1257} INFO - Exporting the following env vars:
AIRFLOW_CTX_DAG_OWNER=airflow
AIRFLOW_CTX_DAG_ID=fetch_kc_crime_data-v0.1
AIRFLOW_CTX_TASK_ID=fetch_crime_window
AIRFLOW_CTX_EXECUTION_DATE=2021-04-18T16:47:32.702474+00:00
AIRFLOW_CTX_DAG_RUN_ID=manual__2021-04-18T16:47:32.702474+00:00
[2021-04-18 16:51:50,402] {base.py:74} INFO - Using connection to: id: pg_kcmo_opendata. Host: postgres, Port: 5432, Schema: kcmo, Login: data_user, Password: XXXXXXXX, extra: None
[2021-04-18 16:51:50,426] {logging_mixin.py:104} INFO - 2021-01-01T00:00:00.000
[2021-04-18 16:51:50,467] {logging_mixin.py:104} INFO - 2021-04-18T16%:51:50.467
[2021-04-18 16:51:50,503] {python.py:118} INFO - Done. Returned value was: None
[2021-04-18 16:51:50,532] {taskinstance.py:1166} INFO - Marking task as SUCCESS. dag_id=fetch_kc_crime_data-v0.1, task_id=fetch_crime_window, execution_date=20210418T164732, start_date=20210418T165150, end_date=20210418T165150
[2021-04-18 16:51:50,600] {taskinstance.py:1220} INFO - 1 downstream tasks scheduled from follow-on schedule check
[2021-04-18 16:51:50,635] {local_task_job.py:146} INFO - Task exited with return code 0
